<?xml version="1.0" encoding="UTF-8"?>
<!-- Generated by org.testng.reporters.JUnitReportReporter -->
<testsuite hostname="SWEETHOME" failures="0" tests="4" name="api.tests.UserTests_Logger" time="16.038" errors="0" timestamp="2023-04-04T18:48:35 IST" skipped="0">
  <testcase classname="api.tests.UserTests_Logger" name="testPostUser" time="9.863"/>
  <system-out/>
  <testcase classname="api.tests.UserTests_Logger" name="testGetUser" time="1.913"/>
  <system-out/>
  <testcase classname="api.tests.UserTests_Logger" name="testUpdateUser" time="2.875"/>
  <system-out/>
  <testcase classname="api.tests.UserTests_Logger" name="testDeleteUser" time="1.387"/>
  <system-out/>
</testsuite> <!-- api.tests.UserTests_Logger -->
