<?xml version="1.0" encoding="UTF-8"?>
<!-- Generated by org.testng.reporters.JUnitReportReporter -->
<testsuite hostname="SWEETHOME" failures="0" tests="4" name="api.tests.UserTests" time="24.165" errors="0" timestamp="2023-04-06T14:53:22 IST" skipped="0">
  <testcase classname="api.tests.UserTests" name="testPostUser" time="17.320"/>
  <system-out/>
  <testcase classname="api.tests.UserTests" name="testGetUser" time="2.023"/>
  <system-out/>
  <testcase classname="api.tests.UserTests" name="testUpdateUser" time="2.990"/>
  <system-out/>
  <testcase classname="api.tests.UserTests" name="testDeleteUser" time="1.832"/>
  <system-out/>
</testsuite> <!-- api.tests.UserTests -->
