<?xml version="1.0" encoding="UTF-8"?>
<!-- Generated by org.testng.reporters.JUnitReportReporter -->
<testsuite hostname="SWEETHOME" failures="0" tests="4" name="api.tests.UserTests" time="71.158" errors="0" timestamp="2023-04-06T15:53:25 IST" skipped="0">
  <testcase classname="api.tests.UserTests" name="testPostUser" time="64.330"/>
  <system-out/>
  <testcase classname="api.tests.UserTests" name="testGetUser" time="2.706"/>
  <system-out/>
  <testcase classname="api.tests.UserTests" name="testUpdateUser" time="2.771"/>
  <system-out/>
  <testcase classname="api.tests.UserTests" name="testDeleteUser" time="1.351"/>
  <system-out/>
</testsuite> <!-- api.tests.UserTests -->
