<?xml version="1.0" encoding="UTF-8"?>
<!-- Generated by org.testng.reporters.JUnitReportReporter -->
<testsuite hostname="SWEETHOME" failures="0" tests="4" name="api.tests.UserTests_Logger" time="8.338" errors="0" timestamp="2023-04-06T14:57:12 IST" skipped="0">
  <testcase classname="api.tests.UserTests_Logger" name="testPostUser" time="1.511"/>
  <system-out/>
  <testcase classname="api.tests.UserTests_Logger" name="testGetUser" time="2.613"/>
  <system-out/>
  <testcase classname="api.tests.UserTests_Logger" name="testUpdateUser" time="2.794"/>
  <system-out/>
  <testcase classname="api.tests.UserTests_Logger" name="testDeleteUser" time="1.420"/>
  <system-out/>
</testsuite> <!-- api.tests.UserTests_Logger -->
