<?xml version="1.0" encoding="UTF-8"?>
<!-- Generated by org.testng.reporters.JUnitReportReporter -->
<testsuite hostname="SWEETHOME" failures="0" tests="4" name="api.tests.UserTests_Logger" time="7.506" errors="0" timestamp="2023-04-06T16:55:33 IST" skipped="0">
  <testcase classname="api.tests.UserTests_Logger" name="testPostUser" time="1.578"/>
  <system-out/>
  <testcase classname="api.tests.UserTests_Logger" name="testGetUser" time="1.713"/>
  <system-out/>
  <testcase classname="api.tests.UserTests_Logger" name="testUpdateUser" time="2.803"/>
  <system-out/>
  <testcase classname="api.tests.UserTests_Logger" name="testDeleteUser" time="1.412"/>
  <system-out/>
</testsuite> <!-- api.tests.UserTests_Logger -->
