<?xml version="1.0" encoding="UTF-8"?>
<!-- Generated by org.testng.reporters.JUnitReportReporter -->
<testsuite hostname="SWEETHOME" failures="0" tests="6" name="api.tests.Data_Driven_Tests" time="9.037" errors="0" timestamp="2023-04-04T18:56:11 IST" skipped="0">
  <testcase classname="api.tests.Data_Driven_Tests" name="testPostUser" time="1.530"/>
  <system-out/>
  <testcase classname="api.tests.Data_Driven_Tests" name="testPostUser" time="1.403"/>
  <system-out/>
  <testcase classname="api.tests.Data_Driven_Tests" name="testPostUser" time="1.392"/>
  <system-out/>
  <testcase classname="api.tests.Data_Driven_Tests" name="testDeleteUser" time="1.900"/>
  <system-out/>
  <testcase classname="api.tests.Data_Driven_Tests" name="testDeleteUser" time="1.394"/>
  <system-out/>
  <testcase classname="api.tests.Data_Driven_Tests" name="testDeleteUser" time="1.418"/>
  <system-out/>
</testsuite> <!-- api.tests.Data_Driven_Tests -->
