<?xml version="1.0" encoding="UTF-8"?>
<!-- Generated by org.testng.reporters.JUnitReportReporter -->
<testsuite hostname="SWEETHOME" failures="0" tests="4" name="api.tests.UserTests_Logger" time="8.071" errors="0" timestamp="2023-04-06T01:14:45 IST" skipped="0">
  <testcase classname="api.tests.UserTests_Logger" name="testPostUser" time="1.520"/>
  <system-out/>
  <testcase classname="api.tests.UserTests_Logger" name="testGetUser" time="1.394"/>
  <system-out/>
  <testcase classname="api.tests.UserTests_Logger" name="testUpdateUser" time="3.763"/>
  <system-out/>
  <testcase classname="api.tests.UserTests_Logger" name="testDeleteUser" time="1.394"/>
  <system-out/>
</testsuite> <!-- api.tests.UserTests_Logger -->
