<?xml version="1.0" encoding="UTF-8"?>
<!-- Generated by org.testng.reporters.JUnitReportReporter -->
<testsuite hostname="SWEETHOME" failures="0" tests="6" name="api.tests.Data_Driven_Tests" time="8.965" errors="0" timestamp="2023-04-06T16:10:16 IST" skipped="0">
  <testcase classname="api.tests.Data_Driven_Tests" name="testPostUser" time="1.392"/>
  <system-out/>
  <testcase classname="api.tests.Data_Driven_Tests" name="testPostUser" time="1.363"/>
  <system-out/>
  <testcase classname="api.tests.Data_Driven_Tests" name="testPostUser" time="1.505"/>
  <system-out/>
  <testcase classname="api.tests.Data_Driven_Tests" name="testDeleteUser" time="1.385"/>
  <system-out/>
  <testcase classname="api.tests.Data_Driven_Tests" name="testDeleteUser" time="1.882"/>
  <system-out/>
  <testcase classname="api.tests.Data_Driven_Tests" name="testDeleteUser" time="1.438"/>
  <system-out/>
</testsuite> <!-- api.tests.Data_Driven_Tests -->
