<?xml version="1.0" encoding="UTF-8"?>
<!-- Generated by org.testng.reporters.JUnitReportReporter -->
<testsuite hostname="SWEETHOME" failures="0" tests="6" name="api.tests.Data_Driven_Tests" time="9.175" errors="0" timestamp="2023-04-06T01:14:45 IST" skipped="0">
  <testcase classname="api.tests.Data_Driven_Tests" name="testPostUser" time="1.611"/>
  <system-out/>
  <testcase classname="api.tests.Data_Driven_Tests" name="testPostUser" time="1.432"/>
  <system-out/>
  <testcase classname="api.tests.Data_Driven_Tests" name="testPostUser" time="1.435"/>
  <system-out/>
  <testcase classname="api.tests.Data_Driven_Tests" name="testDeleteUser" time="1.403"/>
  <system-out/>
  <testcase classname="api.tests.Data_Driven_Tests" name="testDeleteUser" time="1.400"/>
  <system-out/>
  <testcase classname="api.tests.Data_Driven_Tests" name="testDeleteUser" time="1.894"/>
  <system-out/>
</testsuite> <!-- api.tests.Data_Driven_Tests -->
