<?xml version="1.0" encoding="UTF-8"?>
<!-- Generated by org.testng.reporters.JUnitReportReporter -->
<testsuite hostname="SWEETHOME" failures="0" tests="4" name="api.tests.UserTests" time="19.764" errors="0" timestamp="2023-04-04T18:56:11 IST" skipped="0">
  <testcase classname="api.tests.UserTests" name="testPostUser" time="13.288"/>
  <system-out/>
  <testcase classname="api.tests.UserTests" name="testGetUser" time="2.085"/>
  <system-out/>
  <testcase classname="api.tests.UserTests" name="testUpdateUser" time="2.984"/>
  <system-out/>
  <testcase classname="api.tests.UserTests" name="testDeleteUser" time="1.407"/>
  <system-out/>
</testsuite> <!-- api.tests.UserTests -->
