<?xml version="1.0" encoding="UTF-8"?>
<!-- Generated by org.testng.reporters.JUnitReportReporter -->
<testsuite hostname="SWEETHOME" failures="0" tests="4" name="api.tests.UserTests" time="18.777" errors="0" timestamp="2023-04-06T16:10:16 IST" skipped="0">
  <testcase classname="api.tests.UserTests" name="testPostUser" time="12.011"/>
  <system-out/>
  <testcase classname="api.tests.UserTests" name="testGetUser" time="2.075"/>
  <system-out/>
  <testcase classname="api.tests.UserTests" name="testUpdateUser" time="2.951"/>
  <system-out/>
  <testcase classname="api.tests.UserTests" name="testDeleteUser" time="1.740"/>
  <system-out/>
</testsuite> <!-- api.tests.UserTests -->
