<?xml version="1.0" encoding="UTF-8"?>
<!-- Generated by org.testng.reporters.JUnitReportReporter -->
<testsuite hostname="SWEETHOME" failures="0" tests="4" name="api.tests.UserTests" time="22.590" errors="0" timestamp="2023-04-06T14:57:13 IST" skipped="0">
  <testcase classname="api.tests.UserTests" name="testPostUser" time="14.683"/>
  <system-out/>
  <testcase classname="api.tests.UserTests" name="testGetUser" time="1.892"/>
  <system-out/>
  <testcase classname="api.tests.UserTests" name="testUpdateUser" time="4.598"/>
  <system-out/>
  <testcase classname="api.tests.UserTests" name="testDeleteUser" time="1.417"/>
  <system-out/>
</testsuite> <!-- api.tests.UserTests -->
