<?xml version="1.0" encoding="UTF-8"?>
<!-- Generated by org.testng.reporters.JUnitReportReporter -->
<testsuite hostname="SWEETHOME" failures="0" tests="6" name="api.tests.Data_Driven_Tests" time="11.418" errors="0" timestamp="2023-04-06T14:57:13 IST" skipped="0">
  <testcase classname="api.tests.Data_Driven_Tests" name="testPostUser" time="3.373"/>
  <system-out/>
  <testcase classname="api.tests.Data_Driven_Tests" name="testPostUser" time="2.092"/>
  <system-out/>
  <testcase classname="api.tests.Data_Driven_Tests" name="testPostUser" time="1.400"/>
  <system-out/>
  <testcase classname="api.tests.Data_Driven_Tests" name="testDeleteUser" time="1.443"/>
  <system-out/>
  <testcase classname="api.tests.Data_Driven_Tests" name="testDeleteUser" time="1.736"/>
  <system-out/>
  <testcase classname="api.tests.Data_Driven_Tests" name="testDeleteUser" time="1.374"/>
  <system-out/>
</testsuite> <!-- api.tests.Data_Driven_Tests -->
