<?xml version="1.0" encoding="UTF-8"?>
<!-- Generated by org.testng.reporters.JUnitReportReporter -->
<testsuite hostname="SWEETHOME" failures="0" tests="4" name="api.tests.UserTests" time="23.321" errors="0" timestamp="2023-04-06T01:14:45 IST" skipped="0">
  <testcase classname="api.tests.UserTests" name="testPostUser" time="16.662"/>
  <system-out/>
  <testcase classname="api.tests.UserTests" name="testGetUser" time="2.352"/>
  <system-out/>
  <testcase classname="api.tests.UserTests" name="testUpdateUser" time="2.957"/>
  <system-out/>
  <testcase classname="api.tests.UserTests" name="testDeleteUser" time="1.350"/>
  <system-out/>
</testsuite> <!-- api.tests.UserTests -->
