<?xml version="1.0" encoding="UTF-8"?>
<!-- Generated by org.testng.reporters.JUnitReportReporter -->
<testsuite hostname="SWEETHOME" failures="0" tests="6" name="api.tests.Data_Driven_Tests" time="8.994" errors="0" timestamp="2023-04-06T16:55:33 IST" skipped="0">
  <testcase classname="api.tests.Data_Driven_Tests" name="testPostUser" time="1.643"/>
  <system-out/>
  <testcase classname="api.tests.Data_Driven_Tests" name="testPostUser" time="1.819"/>
  <system-out/>
  <testcase classname="api.tests.Data_Driven_Tests" name="testPostUser" time="1.419"/>
  <system-out/>
  <testcase classname="api.tests.Data_Driven_Tests" name="testDeleteUser" time="1.395"/>
  <system-out/>
  <testcase classname="api.tests.Data_Driven_Tests" name="testDeleteUser" time="1.380"/>
  <system-out/>
  <testcase classname="api.tests.Data_Driven_Tests" name="testDeleteUser" time="1.338"/>
  <system-out/>
</testsuite> <!-- api.tests.Data_Driven_Tests -->
