<?xml version="1.0" encoding="UTF-8"?>
<!-- Generated by org.testng.reporters.JUnitReportReporter -->
<testsuite hostname="SWEETHOME" failures="0" tests="4" name="api.tests.UserTests" time="31.490" errors="0" timestamp="2023-04-06T16:55:33 IST" skipped="0">
  <testcase classname="api.tests.UserTests" name="testPostUser" time="25.218"/>
  <system-out/>
  <testcase classname="api.tests.UserTests" name="testGetUser" time="1.892"/>
  <system-out/>
  <testcase classname="api.tests.UserTests" name="testUpdateUser" time="2.960"/>
  <system-out/>
  <testcase classname="api.tests.UserTests" name="testDeleteUser" time="1.420"/>
  <system-out/>
</testsuite> <!-- api.tests.UserTests -->
